Arguments: 
  C:\Program Files\nodejs\node.exe C:\Users\uscha\AppData\Roaming\npm\node_modules\yarn\bin\yarn.js build

PATH: 
  C:\Program Files\Eclipse Adoptium\jdk-17.0.2.8-hotspot\bin;C:\Program Files\Amazon Corretto\jdk17.0.2_8\bin;C:\Program Files (x86)\Common Files\Oracle\Java\javapath;C:\Python39\Scripts\;C:\Python39\;C:\Windows\system32;C:\Windows;C:\Windows\System32\Wbem;C:\Windows\System32\WindowsPowerShell\v1.0\;C:\Windows\System32\OpenSSH\;C:\Program Files (x86)\NVIDIA Corporation\PhysX\Common;C:\Program Files\NVIDIA Corporation\NVIDIA NvDLISR;C:\Program Files\nodejs\;C:\ProgramData\chocolatey\bin;C:\Program Files\Git\cmd;C:\WINDOWS\system32;C:\WINDOWS;C:\WINDOWS\System32\Wbem;C:\WINDOWS\System32\WindowsPowerShell\v1.0\;C:\WINDOWS\System32\OpenSSH\;C:\Program Files\dotnet\;C:\Users\uscha\AppData\Local\Microsoft\WindowsApps;C:\Users\uscha\AppData\Roaming\npm;C:\Users\uscha\AppData\Local\GitHubDesktop\bin;C:\Users\uscha\AppData\Local\Programs\Microsoft VS Code\bin;C:\Users\uscha\AppData\Local\Programs\IPFS Desktop\resources\app.asar.unpacked\src\ipfs-on-path\scripts\bin-win;C:\Users\uscha\AppData\Local\Microsoft\WindowsApps;C:\Users\uscha\.dotnet\tools

Yarn version: 
  1.22.11

Node version: 
  16.5.0

Platform: 
  win32 x64

Trace: 
  SyntaxError: C:\Users\uscha\Desktop\MetaMine\Creativerse-React-Website-main\package.json: Unexpected string in JSON at position 74
      at JSON.parse (<anonymous>)
      at C:\Users\uscha\AppData\Roaming\npm\node_modules\yarn\lib\cli.js:1625:59
      at Generator.next (<anonymous>)
      at step (C:\Users\uscha\AppData\Roaming\npm\node_modules\yarn\lib\cli.js:310:30)
      at C:\Users\uscha\AppData\Roaming\npm\node_modules\yarn\lib\cli.js:321:13

npm manifest: 
  {
    "name": "late",
    "version": "0.1.0",
    "private": true,
    "homepage" "MetaMineMC/"
    "dependencies": {
      "@ethers-react/web3modal": "0.0.1",
      "@testing-library/jest-dom": "^5.14.1",
      "@testing-library/react": "^11.2.7",
      "@testing-library/user-event": "^12.8.3",
      "assert": "^2.0.0",
      "bootstrap": "^5.1.3",
      "buffer": "^6.0.3",
      "fs": "0.0.1-security",
      "https-browserify": "^1.0.0",
      "os": "^0.1.2",
      "os-browserify": "^0.3.0",
      "react": "^17.0.2",
      "react-app-rewired": "^2.1.11",
      "react-bootstrap": "^2.0.0",
      "react-copy-to-clipboard": "^5.0.4",
      "react-dom": "^17.0.2",
      "react-icons": "^4.3.1",
      "react-popup": "^0.10.0",
      "react-router-dom": "^6.2.1",
      "react-scripts": "^5.0.0",
      "react-scroll": "^1.8.4",
      "react-slick": "^0.28.1",
      "slick-carousel": "^1.8.1",
      "stream-browserify": "^3.0.0",
      "stream-http": "^3.2.0",
      "styled-components": "^5.3.3",
      "url": "^0.11.0",
      "web-vitals": "^1.1.2",
      "web3": "^1.7.0"
    },
    "scripts": {
      "start": "react-app-rewired start",
      "build": "react-app-rewired build",
      "test": "react-app-rewired test",
      "eject": "react-scripts eject"
    },
    "eslintConfig": {
      "extends": [
        "react-app",
        "react-app/jest"
      ]
    },
    "browserslist": {
      "production": [
        ">0.2%",
        "not dead",
        "not op_mini all"
      ],
      "development": [
        "last 1 chrome version",
        "last 1 firefox version",
        "last 1 safari version"
      ]
    },
    "devDependencies": {}
  }

yarn manifest: 
  No manifest

Lockfile: 
  No lockfile
